<?xml version="1.0" encoding="UTF-8"?>
<testng-results ignored="0" total="2" passed="2" failed="0" skipped="0">
  <reporter-output>
  </reporter-output>
  <suite started-at="2021-01-23T08:22:28 IST" name="Suite" finished-at="2021-01-23T08:22:58 IST" duration-ms="29794">
    <groups>
    </groups>
    <test started-at="2021-01-23T08:22:28 IST" name="Test3" finished-at="2021-01-23T08:22:46 IST" duration-ms="17301">
      <class name="testNG.Test5">
        <test-method is-config="true" signature="openapp()[pri:0, instance:testNG.Test5@2177849e]" started-at="2021-01-23T08:22:28 IST" name="openapp" finished-at="2021-01-23T08:22:28 IST" duration-ms="11" status="PASS">
          <reporter-output>
          </reporter-output>
        </test-method> <!-- openapp -->
        <test-method signature="login(java.lang.String)[pri:0, instance:testNG.Test5@2177849e]" started-at="2021-01-23T08:22:28 IST" name="login" finished-at="2021-01-23T08:22:46 IST" duration-ms="17252" status="PASS">
          <params>
            <param index="0">
              <value>
                <![CDATA[chrome]]>
              </value>
            </param>
          </params>
          <reporter-output>
          </reporter-output>
        </test-method> <!-- login -->
      </class> <!-- testNG.Test5 -->
    </test> <!-- Test3 -->
    <test started-at="2021-01-23T08:22:28 IST" name="Test2" finished-at="2021-01-23T08:22:58 IST" duration-ms="29794">
      <class name="testNG.Test5">
        <test-method is-config="true" signature="openapp()[pri:0, instance:testNG.Test5@306cf3ea]" started-at="2021-01-23T08:22:28 IST" name="openapp" finished-at="2021-01-23T08:22:28 IST" duration-ms="12" status="PASS">
          <reporter-output>
          </reporter-output>
        </test-method> <!-- openapp -->
        <test-method signature="login(java.lang.String)[pri:0, instance:testNG.Test5@306cf3ea]" started-at="2021-01-23T08:22:28 IST" name="login" finished-at="2021-01-23T08:22:58 IST" duration-ms="29703" status="PASS">
          <params>
            <param index="0">
              <value>
                <![CDATA[firefox]]>
              </value>
            </param>
          </params>
          <reporter-output>
          </reporter-output>
        </test-method> <!-- login -->
      </class> <!-- testNG.Test5 -->
    </test> <!-- Test2 -->
  </suite> <!-- Suite -->
</testng-results>
